{"ip":"::1","method":"GET","url":"/","status":"404","res":139,"response":"2.789"}
{"ip":"::1","method":"GET","url":"//get-all-machine","status":"404","res":155,"response":"1.562"}
{"ip":"::1","method":"GET","url":"/get-all-machine","status":"404","res":154,"response":"0.449"}
{"ip":"::1","method":"GET","url":"/get-all-machine","status":"404","res":154,"response":"2.063"}
{"ip":"::1","method":"GET","url":"/","status":"404","res":139,"response":"0.628"}
{"ip":"::1","method":"GET","url":"/get-all-machine","status":"404","res":154,"response":"0.378"}
{"ip":"::1","method":"GET","url":"/get-all-machine","status":"404","res":154,"response":"1.896"}
{"ip":"::1","method":"GET","url":"/get-all-machine","status":"404","res":154,"response":"1.086"}
{"ip":"::1","method":"GET","url":"/get-all-machine","status":"404","res":154,"response":"0.290"}
{"ip":"::1","method":"GET","url":"/get-all-machine","status":"404","res":154,"response":"0.331"}
{"ip":"::1","method":"GET","url":"/get-all-machine","status":"404","res":154,"response":"0.337"}
{"ip":"::1","method":"GET","url":"/get-all-machine","status":"404","res":154,"response":"0.428"}
{"ip":"::1","method":"GET","url":"/","status":"404","res":139,"response":"5.770"}
{"ip":"::1","method":"GET","url":"/get-all-machine","status":"404","res":154,"response":"1.072"}
{"ip":"::1","method":"GET","url":"/get-all-machine","status":"404","res":154,"response":"0.886"}
{"ip":"::1","method":"GET","url":"/get-all-machine","status":"404","res":154,"response":"0.670"}
{"ip":"::1","method":"GET","url":"/get-all-machine","status":"404","res":154,"response":"0.660"}
{"ip":"::1","method":"GET","url":"/get-all-machine","status":"404","res":154,"response":"0.619"}
{"ip":"::1","method":"GET","url":"/get-all-machine","status":"404","res":154,"response":"0.774"}
{"ip":"::1","method":"GET","url":"/get-all-machine","status":"404","res":154,"response":"4.045"}
{"ip":"::1","method":"GET","url":"/get-all-machine","status":"404","res":154,"response":"4.275"}
{"ip":"::1","method":"GET","url":"/test","status":"404","res":143,"response":"1.153"}
{"ip":"::1","method":"GET","url":"/favicon.ico","status":"404","res":150,"response":"4.267"}
{"ip":"::1","method":"GET","url":"/get-all-machine","status":"500","res":"33","response":"44.946"}
{"ip":"::1","method":"GET","url":"/get-all-machine","status":"500","res":"33","response":"43.819"}
{"ip":"::1","method":"GET","url":"/get-all-machine","status":"500","res":"33","response":"4.966"}
{"ip":"::1","method":"GET","url":"/get-all-machine","status":"500","res":"33","response":"4.548"}
{"ip":"::1","method":"GET","url":"/get-all-machine","status":"500","res":"33","response":"43.193"}
{"ip":"::1","method":"GET","url":"/get-all-machine","status":"500","res":"33","response":"4.058"}
{"ip":"::1","method":"GET","url":"/get-all-machine","status":"500","res":"33","response":"3.623"}
{"ip":"::1","method":"GET","url":"/get-all-machine","status":"500","res":"33","response":"3.830"}
{"ip":"::1","method":"GET","url":"/get-all-machine","status":"500","res":"33","response":"3.413"}
{"ip":"::1","method":"GET","url":"/get-all-machine","status":"500","res":"33","response":"3.582"}
{"ip":"::1","method":"GET","url":"/get-all-machine","status":"500","res":"33","response":"3.449"}
{"ip":"::1","method":"GET","url":"/","status":"404","res":139,"response":"3.214"}
{"ip":"::1","method":"GET","url":"/test","status":"404","res":143,"response":"1.008"}
{"ip":"::1","method":"GET","url":"/get-all-machine","status":"500","res":"33","response":"5.458"}
{"ip":"::1","method":"GET","url":"/get-all-machine","status":"500","res":"33","response":"44.985"}
{"ip":"::1","method":"GET","url":"/get-all-machine","status":"500","res":"33","response":"46.106"}
{"ip":"::1","method":"GET","url":"/get-all-machine","status":"500","res":"33","response":"4.957"}
{"ip":"::1","method":"GET","url":"/get-all-machine","status":"500","res":"33","response":"4.721"}
{"ip":"::1","method":"GET","url":"/get-all-machine","status":"500","res":"33","response":"5.598"}
{"ip":"::1","method":"GET","url":"/get-all-machine","status":"500","res":"33","response":"10058.828"}
{"ip":"::1","method":"GET","url":"/get-all-machine","status":"200","res":"187","response":"108.547"}
{"ip":"::1","method":"GET","url":"/get-all-machine","status":"200","res":"187","response":"25.702"}
{"ip":"::1","method":"GET","url":"/get-all-machine","status":"304","response":"19.941"}
{"ip":"::1","method":"GET","url":"/get-all-machine","status":"200","res":"187","response":"22.498"}
{"ip":"::1","method":"GET","url":"/get-all-machine","status":"200","res":"187","response":"18.280"}
{"ip":"::1","method":"GET","url":"/get-all-machine","status":"200","res":"187","response":"23.461"}
{"ip":"::1","method":"GET","url":"/get-all-machine","status":"200","res":"187","response":"15.637"}
{"ip":"::1","method":"GET","url":"/get-all-machine","status":"200","res":"187","response":"11.770"}
{"ip":"::1","method":"GET","url":"/get-all-machine","status":"200","res":"187","response":"11.753"}
{"ip":"::1","method":"GET","url":"/get-all-machine","status":"200","res":"187","response":"11.429"}
{"ip":"::1","method":"GET","url":"/get-all-machine","status":"200","res":"187","response":"11.758"}
{"ip":"::1","method":"GET","url":"/get-all-machine","status":"200","res":"187","response":"14.736"}
{"ip":"::1","method":"GET","url":"/get-all-machine","status":"200","res":"187","response":"14.611"}
{"ip":"::1","method":"GET","url":"/get-all-machine","status":"200","res":"187","response":"17.234"}
{"ip":"::1","method":"GET","url":"/get-all-machine","status":"200","res":"187","response":"10.843"}
{"ip":"::1","method":"GET","url":"/get-all-machine","status":"200","res":"187","response":"12.296"}
{"ip":"::1","method":"GET","url":"/get-all-machine","status":"200","res":"187","response":"10.664"}
{"ip":"::1","method":"GET","url":"/get-all-machine","status":"304","response":"11.866"}
{"ip":"::1","method":"GET","url":"/get-all-machine","status":"200","res":"187","response":"14.889"}
{"ip":"::1","method":"GET","url":"/get-all-machine","status":"200","res":"187","response":"16.226"}
{"ip":"::1","method":"GET","url":"/get-all-machine","status":"200","res":"187","response":"9.631"}
{"ip":"::1","method":"GET","url":"/get-all-machine","status":"200","res":"187","response":"10.082"}
{"ip":"::1","method":"GET","url":"/get-all-machine","status":"304","response":"12.524"}
{"ip":"::1","method":"GET","url":"/get-all-machine","status":"304","response":"10.027"}
{"ip":"::1","method":"GET","url":"/get-all-machine","status":"304","response":"12.026"}
{"ip":"::1","method":"GET","url":"/get-all-machine","status":"200","res":"187","response":"10.337"}
{"ip":"::1","method":"GET","url":"/get-all-machine","status":"200","res":"187","response":"11.281"}
{"ip":"::1","method":"GET","url":"/get-all-machine","status":"304","response":"11.057"}
{"ip":"::1","method":"GET","url":"/get-all-machine","status":"200","res":"187","response":"12.633"}
{"ip":"::1","method":"GET","url":"/get-all-machine","status":"200","res":"187","response":"12.067"}
{"ip":"::1","method":"GET","url":"/get-all-machine","status":"200","res":"187","response":"9.479"}
{"ip":"::1","method":"GET","url":"/get-all-machine","status":"304","response":"10.651"}
{"ip":"::1","method":"GET","url":"/get-all-machine","status":"200","res":"187","response":"11.911"}
{"ip":"::1","method":"GET","url":"/get-all-machine","status":"200","res":"187","response":"13.157"}
{"ip":"::1","method":"GET","url":"/get-all-machine","status":"200","res":"187","response":"10.379"}
{"ip":"::1","method":"GET","url":"/get-all-machine","status":"200","res":"187","response":"9.548"}
{"ip":"::1","method":"GET","url":"/get-all-machine","status":"200","res":"187","response":"11.803"}
{"ip":"::1","method":"GET","url":"/get-all-machine","status":"200","res":"187","response":"10.420"}
{"ip":"::1","method":"GET","url":"/get-all-machine","status":"200","res":"187","response":"9.773"}
{"ip":"::1","method":"GET","url":"/get-all-machine","status":"200","res":"187","response":"10.397"}
{"ip":"::1","method":"GET","url":"/get-all-machine","status":"200","res":"187","response":"10.473"}
{"ip":"::1","method":"GET","url":"/get-all-machine","status":"200","res":"187","response":"9.479"}
{"ip":"::1","method":"GET","url":"/get-all-machine","status":"200","res":"187","response":"10.594"}
{"ip":"::1","method":"GET","url":"/get-all-machine","status":"200","res":"187","response":"14.326"}
{"ip":"::1","method":"GET","url":"/get-all-machine","status":"200","res":"187","response":"9.354"}
{"ip":"::1","method":"GET","url":"/get-all-machine","status":"200","res":"187","response":"10.288"}
{"ip":"::1","method":"GET","url":"/get-all-machine","status":"200","res":"218","response":"111.404"}
{"ip":"::1","method":"GET","url":"/get-all-machine","status":"200","res":"217","response":"21.995"}
{"ip":"::1","method":"GET","url":"/get-all-machine","status":"304","response":"13.784"}
{"ip":"::1","method":"GET","url":"/get-all-machine","status":"200","res":"217","response":"12.222"}
{"ip":"::1","method":"GET","url":"/get-all-machine","status":"200","res":"217","response":"12.556"}
{"ip":"::1","method":"GET","url":"/get-all-machine","status":"200","res":"217","response":"27.473"}
{"ip":"::1","method":"GET","url":"/get-all-machine","status":"200","res":"217","response":"11.729"}
{"ip":"::1","method":"GET","url":"/get-all-machine","status":"200","res":"217","response":"11.213"}
{"ip":"::1","method":"GET","url":"/get-all-machine","status":"200","res":"217","response":"18.077"}
{"ip":"::1","method":"GET","url":"/get-all-machine","status":"200","res":"217","response":"14.783"}
{"ip":"::1","method":"GET","url":"/get-all-machine","status":"200","res":"217","response":"14.665"}
{"ip":"::1","method":"GET","url":"/get-all-machine","status":"200","res":"217","response":"13.863"}
{"ip":"::1","method":"GET","url":"/get-all-machine","status":"200","res":"217","response":"11.529"}
{"ip":"::1","method":"GET","url":"/get-all-machine","status":"200","res":"217","response":"11.197"}
{"ip":"::1","method":"GET","url":"/get-all-machine","status":"200","res":"217","response":"11.826"}
{"ip":"::1","method":"GET","url":"/get-all-machine","status":"200","res":"217","response":"13.824"}
{"ip":"::1","method":"GET","url":"/get-all-machine","status":"304","response":"12.966"}
{"ip":"::1","method":"GET","url":"/get-all-machine","status":"200","res":"217","response":"13.585"}
{"ip":"::1","method":"GET","url":"/get-all-machine","status":"200","res":"217","response":"18.665"}
{"ip":"::1","method":"GET","url":"/get-all-machine","status":"200","res":"217","response":"16.504"}
{"ip":"::1","method":"GET","url":"/get-all-machine","status":"304","response":"14.676"}
{"ip":"::1","method":"GET","url":"/get-all-machine","status":"200","res":"217","response":"13.154"}
{"ip":"::1","method":"GET","url":"/get-all-machine","status":"304","response":"13.538"}
{"ip":"::1","method":"GET","url":"/get-all-machine","status":"200","res":"217","response":"15.101"}
{"ip":"::1","method":"GET","url":"/get-all-machine","status":"304","response":"12.143"}
{"ip":"::1","method":"GET","url":"/get-all-machine","status":"200","res":"227","response":"11.827"}
{"ip":"::1","method":"GET","url":"/get-all-machine","status":"304","response":"9.101"}
{"ip":"::1","method":"GET","url":"/get-all-machine","status":"200","res":"227","response":"20.897"}
{"ip":"::1","method":"GET","url":"/get-all-machine","status":"304","response":"12.423"}
{"ip":"::1","method":"GET","url":"/get-all-machine","status":"200","res":"227","response":"23.316"}
{"ip":"::1","method":"GET","url":"/get-all-machine","status":"200","res":"227","response":"28.058"}
{"ip":"::1","method":"GET","url":"/get-all-machine","status":"200","res":"227","response":"14.573"}
{"ip":"::1","method":"GET","url":"/get-all-machine","status":"200","res":"227","response":"10.271"}
{"ip":"::1","method":"GET","url":"/get-all-machine","status":"200","res":"227","response":"10.003"}
{"ip":"::1","method":"GET","url":"/get-all-machine","status":"200","res":"227","response":"15.162"}
{"ip":"::1","method":"GET","url":"/get-all-machine","status":"304","response":"9.386"}
{"ip":"::1","method":"GET","url":"/get-all-machine","status":"200","res":"227","response":"21.744"}
{"ip":"::1","method":"GET","url":"/get-all-machine","status":"200","res":"227","response":"16.775"}
{"ip":"::1","method":"GET","url":"/get-all-machine","status":"200","res":"227","response":"22.449"}
{"ip":"::1","method":"GET","url":"/get-all-machine","status":"200","res":"227","response":"14.355"}
{"ip":"::1","method":"GET","url":"/get-all-machine","status":"200","res":"227","response":"12.400"}
{"ip":"::1","method":"GET","url":"/get-all-machine","status":"200","res":"227","response":"18.115"}
{"ip":"::1","method":"GET","url":"/get-all-machine","status":"200","res":"227","response":"12.773"}
{"ip":"::1","method":"GET","url":"/get-all-machine","status":"200","res":"227","response":"16.444"}
{"ip":"::1","method":"GET","url":"/get-all-machine","status":"200","res":"227","response":"10.417"}
{"ip":"::1","method":"GET","url":"/get-all-machine","status":"200","res":"227","response":"24.585"}
{"ip":"::1","method":"GET","url":"/get-all-machine","status":"200","res":"227","response":"11.084"}
{"ip":"::1","method":"GET","url":"/get-all-machine","status":"200","res":"227","response":"13.036"}
{"ip":"::1","method":"GET","url":"/get-all-machine","status":"200","res":"227","response":"17.871"}
{"ip":"::1","method":"GET","url":"/get-all-machine","status":"200","res":"227","response":"13.952"}
{"ip":"::1","method":"GET","url":"/get-all-machine","status":"200","res":"227","response":"10.317"}
{"ip":"::1","method":"GET","url":"/get-all-machine","status":"200","res":"227","response":"9.949"}
{"ip":"::1","method":"GET","url":"/get-all-machine","status":"200","res":"227","response":"14.500"}
{"ip":"::1","method":"GET","url":"/get-all-machine","status":"200","res":"227","response":"9.790"}
{"ip":"::1","method":"GET","url":"/get-all-machine","status":"200","res":"227","response":"14.697"}
{"ip":"::1","method":"GET","url":"/get-all-machine","status":"200","res":"227","response":"18.462"}
{"ip":"::1","method":"GET","url":"/get-all-machine","status":"200","res":"227","response":"14.866"}
{"ip":"::1","method":"GET","url":"/get-all-machine","status":"200","res":"227","response":"13.090"}
{"ip":"::1","method":"GET","url":"/get-all-machine","status":"200","res":"227","response":"10.728"}
{"ip":"::1","method":"GET","url":"/get-all-machine","status":"200","res":"227","response":"10.136"}
{"ip":"::1","method":"GET","url":"/get-all-machine","status":"200","res":"227","response":"13.081"}
{"ip":"::1","method":"GET","url":"/get-all-machine","status":"200","res":"227","response":"10.581"}
{"ip":"::1","method":"GET","url":"/get-all-machine","status":"200","res":"227","response":"19.418"}
{"ip":"::1","method":"GET","url":"/get-all-machine","status":"200","res":"227","response":"10.827"}
{"ip":"::1","method":"GET","url":"/get-all-machine","status":"200","res":"227","response":"12.224"}
{"ip":"::1","method":"GET","url":"/get-all-machine","status":"200","res":"227","response":"16.864"}
{"ip":"::1","method":"GET","url":"/get-all-machine","status":"200","res":"227","response":"13.447"}
{"ip":"::1","method":"GET","url":"/get-all-machine","status":"200","res":"1349","response":"53.769"}
{"ip":"::1","method":"GET","url":"/get-all-machine","status":"304","response":"47.371"}
{"ip":"::1","method":"GET","url":"/get-all-machine","status":"200","res":"1349","response":"56.271"}
{"ip":"::1","method":"GET","url":"/get-all-machine","status":"200","res":"1349","response":"48.801"}
{"ip":"::1","method":"GET","url":"/get-all-machine","status":"200","res":"1349","response":"51.834"}
{"ip":"::1","method":"GET","url":"/get-all-machine","status":"200","res":"1349","response":"53.951"}
{"ip":"::1","method":"GET","url":"/get-all-machine","status":"200","res":"1349","response":"53.789"}
{"ip":"::1","method":"GET","url":"/get-all-machine","status":"200","res":"1349","response":"47.702"}
{"ip":"::1","method":"GET","url":"/get-all-machine","status":"200","res":"1349","response":"47.660"}
{"ip":"::1","method":"GET","url":"/get-all-machine","status":"200","res":"1349","response":"50.078"}
{"ip":"::1","method":"GET","url":"/get-all-machine","status":"200","res":"1349","response":"46.830"}
{"ip":"::1","method":"GET","url":"/get-all-machine","status":"200","res":"1349","response":"50.597"}
{"ip":"::1","method":"GET","url":"/get-all-machine","status":"200","res":"1349","response":"49.374"}
{"ip":"::1","method":"GET","url":"/get-all-machine","status":"200","res":"1349","response":"52.275"}
{"ip":"::1","method":"GET","url":"/get-all-machine","status":"304","response":"45.096"}
{"ip":"::1","method":"GET","url":"/get-all-machine","status":"200","res":"1349","response":"57.824"}
{"ip":"::1","method":"GET","url":"/get-all-machine","status":"304","response":"48.267"}
{"ip":"::1","method":"GET","url":"/get-all-machine","status":"200","res":"1349","response":"67.527"}
{"ip":"::1","method":"GET","url":"/get-all-machine","status":"200","res":"1349","response":"53.490"}
{"ip":"::1","method":"GET","url":"/get-all-machine","status":"200","res":"1349","response":"49.673"}
{"ip":"::1","method":"GET","url":"/get-all-machine","status":"200","res":"1349","response":"47.297"}
{"ip":"::1","method":"GET","url":"/get-all-machine","status":"200","res":"1349","response":"45.427"}
{"ip":"::1","method":"GET","url":"/get-all-machine","status":"200","res":"1349","response":"48.709"}
{"ip":"::1","method":"GET","url":"/get-all-machine","status":"200","res":"1349","response":"58.385"}
{"ip":"::1","method":"GET","url":"/get-all-machine","status":"200","res":"1349","response":"49.810"}
{"ip":"::1","method":"GET","url":"/get-all-machine","status":"200","res":"1349","response":"53.473"}
{"ip":"::1","method":"GET","url":"/get-all-machine","status":"304","response":"43.640"}
{"ip":"::1","method":"GET","url":"/get-all-machine","status":"200","res":"1349","response":"46.215"}
{"ip":"::1","method":"GET","url":"/get-all-machine","status":"304","response":"48.913"}
{"ip":"::1","method":"GET","url":"/get-all-machine","status":"200","res":"1349","response":"54.210"}
{"ip":"::1","method":"GET","url":"/get-all-machine","status":"304","response":"46.642"}
{"ip":"::1","method":"GET","url":"/get-all-machine","status":"200","res":"1349","response":"47.365"}
{"ip":"::1","method":"GET","url":"/get-all-machine","status":"304","response":"63.576"}
{"ip":"::1","method":"GET","url":"/get-all-machine","status":"200","res":"1349","response":"57.435"}
{"ip":"::1","method":"GET","url":"/get-all-machine","status":"200","res":"1349","response":"46.023"}
{"ip":"::1","method":"GET","url":"/get-all-machine","status":"200","res":"1349","response":"47.634"}
{"ip":"::1","method":"GET","url":"/get-all-machine","status":"304","response":"51.751"}
{"ip":"::1","method":"GET","url":"/get-all-machine","status":"304","response":"49.074"}
{"ip":"::1","method":"GET","url":"/get-all-machine","status":"304","response":"44.395"}
{"ip":"::1","method":"GET","url":"/get-all-machine","status":"304","response":"43.837"}
{"ip":"::1","method":"GET","url":"/get-all-machine","status":"304","response":"52.476"}
{"ip":"::1","method":"GET","url":"/get-all-machine","status":"200","res":"1349","response":"44.889"}
{"ip":"::1","method":"GET","url":"/get-all-machine","status":"304","response":"48.856"}
{"ip":"::1","method":"GET","url":"/get-all-machine","status":"304","response":"49.793"}
{"ip":"::1","method":"GET","url":"/get-all-machine","status":"304","response":"40.207"}
{"ip":"::1","method":"GET","url":"/get-all-machine","status":"304","response":"33.132"}
{"ip":"::1","method":"GET","url":"/get-all-machine","status":"304","response":"34.720"}
{"ip":"::1","method":"GET","url":"/get-all-machine","status":"304","response":"35.040"}
{"ip":"::1","method":"GET","url":"/get-all-machine","status":"304","response":"40.462"}
{"ip":"::1","method":"GET","url":"/get-all-machine","status":"304","response":"35.781"}
{"ip":"::1","method":"GET","url":"/get-all-machine","status":"304","response":"34.316"}
{"ip":"::1","method":"GET","url":"/get-all-machine","status":"304","response":"33.446"}
{"ip":"::1","method":"GET","url":"/get-all-machine","status":"304","response":"33.054"}
{"ip":"::1","method":"GET","url":"/get-all-machine","status":"304","response":"32.317"}
{"ip":"::1","method":"GET","url":"/get-all-machine","status":"304","response":"32.637"}
{"ip":"::1","method":"GET","url":"/get-all-machine","status":"304","response":"48.631"}
{"ip":"::1","method":"GET","url":"/get-all-machine","status":"200","res":"1349","response":"50.925"}
{"ip":"::1","method":"GET","url":"/get-all-machine","status":"304","response":"44.103"}
{"ip":"::1","method":"GET","url":"/get-all-machine","status":"304","response":"66.377"}
{"ip":"::1","method":"GET","url":"/get-all-machine","status":"304","response":"42.602"}
{"ip":"::1","method":"GET","url":"/get-all-machine","status":"304","response":"48.464"}
{"ip":"::1","method":"GET","url":"/get-all-machine","status":"304","response":"51.455"}
{"ip":"::1","method":"GET","url":"/get-all-machine","status":"304","response":"42.855"}
{"ip":"::1","method":"GET","url":"/get-all-machine","status":"304","response":"42.438"}
{"ip":"::1","method":"GET","url":"/get-all-machine","status":"304","response":"45.512"}
{"ip":"::1","method":"GET","url":"/get-all-machine","status":"304","response":"42.719"}
{"ip":"::1","method":"GET","url":"/get-all-machine","status":"304","response":"43.111"}
{"ip":"::1","method":"GET","url":"/get-all-machine","status":"304","response":"53.718"}
{"ip":"::1","method":"GET","url":"/get-all-machine","status":"200","res":"1349","response":"43.507"}
{"ip":"::1","method":"GET","url":"/get-all-machine","status":"304","response":"44.311"}
{"ip":"::1","method":"GET","url":"/get-all-machine","status":"304","response":"45.424"}
{"ip":"::1","method":"GET","url":"/get-all-machine","status":"304","response":"44.035"}
{"ip":"::1","method":"GET","url":"/get-all-machine","status":"304","response":"52.718"}
{"ip":"::1","method":"GET","url":"/get-all-machine","status":"304","response":"59.652"}
{"ip":"::1","method":"GET","url":"/get-all-machine","status":"304","response":"43.788"}
{"ip":"::1","method":"GET","url":"/get-all-machine","status":"304","response":"43.186"}
{"ip":"::1","method":"GET","url":"/get-all-machine","status":"304","response":"34.113"}
{"ip":"::1","method":"GET","url":"/get-all-machine","status":"304","response":"32.956"}
{"ip":"::1","method":"GET","url":"/get-all-machine","status":"304","response":"35.054"}
{"ip":"::1","method":"GET","url":"/get-all-machine","status":"304","response":"41.604"}
{"ip":"::1","method":"GET","url":"/get-all-machine","status":"304","response":"42.495"}
{"ip":"::1","method":"GET","url":"/get-all-machine","status":"304","response":"34.925"}
{"ip":"::1","method":"GET","url":"/get-all-machine","status":"200","res":"1349","response":"37.000"}
{"ip":"::1","method":"GET","url":"/get-all-machine","status":"304","response":"33.838"}
{"ip":"::1","method":"GET","url":"/get-all-machine","status":"304","response":"37.983"}
{"ip":"::1","method":"GET","url":"/get-all-machine","status":"304","response":"37.722"}
{"ip":"::1","method":"GET","url":"/get-all-machine","status":"304","response":"32.682"}
{"ip":"::1","method":"GET","url":"/get-all-machine","status":"304","response":"33.831"}
{"ip":"::1","method":"GET","url":"/get-all-machine","status":"304","response":"34.220"}
{"ip":"::1","method":"GET","url":"/get-all-machine","status":"304","response":"31.756"}
{"ip":"::1","method":"GET","url":"/get-all-machine","status":"304","response":"32.394"}
{"ip":"::1","method":"GET","url":"/get-all-machine","status":"304","response":"39.935"}
{"ip":"::1","method":"GET","url":"/get-all-machine","status":"304","response":"33.744"}
{"ip":"::1","method":"GET","url":"/get-all-machine","status":"304","response":"32.595"}
{"ip":"::1","method":"GET","url":"/get-all-machine","status":"304","response":"34.962"}
{"ip":"::1","method":"GET","url":"/get-all-machine","status":"304","response":"33.128"}
{"ip":"::1","method":"GET","url":"/get-all-machine","status":"304","response":"36.904"}
{"ip":"::1","method":"GET","url":"/get-all-machine","status":"304","response":"37.721"}
{"ip":"::1","method":"GET","url":"/get-all-machine","status":"200","res":"1349","response":"34.744"}
{"ip":"::1","method":"GET","url":"/get-all-machine","status":"304","response":"31.938"}
{"ip":"::1","method":"GET","url":"/get-all-machine","status":"304","response":"33.699"}
{"ip":"::1","method":"GET","url":"/get-all-machine","status":"304","response":"32.622"}
{"ip":"::1","method":"GET","url":"/get-all-machine","status":"304","response":"32.094"}
{"ip":"::1","method":"GET","url":"/get-all-machine","status":"304","response":"38.912"}
{"ip":"::1","method":"GET","url":"/get-all-machine","status":"304","response":"50.204"}
{"ip":"::1","method":"GET","url":"/get-all-machine","status":"304","response":"43.675"}
{"ip":"::1","method":"GET","url":"/get-all-machine","status":"304","response":"48.355"}
{"ip":"::1","method":"GET","url":"/get-all-machine","status":"304","response":"43.905"}
{"ip":"::1","method":"GET","url":"/get-all-machine","status":"200","res":"1349","response":"62.850"}
{"ip":"::1","method":"GET","url":"/get-all-machine","status":"304","response":"41.817"}
{"ip":"::1","method":"GET","url":"/get-all-machine","status":"200","res":"1349","response":"55.866"}
{"ip":"::1","method":"GET","url":"/get-all-machine","status":"200","res":"1349","response":"45.679"}
{"ip":"::1","method":"GET","url":"/get-all-machine","status":"200","res":"1349","response":"47.352"}
{"ip":"::1","method":"GET","url":"/get-all-machine","status":"304","response":"41.783"}
{"ip":"::1","method":"GET","url":"/get-all-machine","status":"200","res":"1349","response":"53.506"}
{"ip":"::1","method":"GET","url":"/get-all-machine","status":"304","response":"47.369"}
{"ip":"::1","method":"GET","url":"/get-all-machine","status":"200","res":"1349","response":"46.543"}
{"ip":"::1","method":"GET","url":"/get-all-machine","status":"304","response":"48.466"}
{"ip":"::1","method":"GET","url":"/get-all-machine","status":"200","res":"1349","response":"63.107"}
{"ip":"::1","method":"GET","url":"/get-all-machine","status":"304","response":"50.397"}
{"ip":"::1","method":"GET","url":"/get-all-machine","status":"200","res":"1349","response":"44.182"}
{"ip":"::1","method":"GET","url":"/get-all-machine","status":"200","res":"1349","response":"48.200"}
{"ip":"::1","method":"GET","url":"/get-all-machine","status":"200","res":"1349","response":"54.505"}
{"ip":"::1","method":"GET","url":"/get-all-machine","status":"200","res":"1349","response":"45.205"}
{"ip":"::1","method":"GET","url":"/get-all-machine","status":"200","res":"1349","response":"56.399"}
{"ip":"::1","method":"GET","url":"/get-all-machine","status":"200","res":"1349","response":"44.523"}
{"ip":"::1","method":"GET","url":"/get-all-machine","status":"200","res":"1349","response":"46.396"}
{"ip":"::1","method":"GET","url":"/get-all-machine","status":"200","res":"1349","response":"50.322"}
{"ip":"::1","method":"GET","url":"/get-all-machine","status":"200","res":"1349","response":"45.450"}
{"ip":"::1","method":"GET","url":"/get-all-machine","status":"200","res":"1349","response":"47.632"}
{"ip":"::1","method":"GET","url":"/get-all-machine","status":"200","res":"1349","response":"48.311"}
{"ip":"::1","method":"GET","url":"/get-all-machine","status":"200","res":"1349","response":"53.898"}
{"ip":"::1","method":"GET","url":"/get-all-machine","status":"200","res":"1349","response":"46.711"}
{"ip":"::1","method":"GET","url":"/get-all-machine","status":"200","res":"1349","response":"46.267"}
{"ip":"::1","method":"GET","url":"/get-all-machine","status":"200","res":"1349","response":"51.017"}
{"ip":"::1","method":"GET","url":"/get-all-machine","status":"200","res":"1349","response":"46.926"}
{"ip":"::1","method":"GET","url":"/get-all-machine","status":"304","response":"50.294"}
{"ip":"::1","method":"GET","url":"/get-all-machine","status":"200","res":"1349","response":"51.635"}
{"ip":"::1","method":"GET","url":"/get-all-machine","status":"200","res":"1349","response":"43.904"}
{"ip":"::1","method":"GET","url":"/get-all-machine","status":"200","res":"1349","response":"44.321"}
{"ip":"::1","method":"GET","url":"/get-all-machine","status":"200","res":"1349","response":"54.240"}
{"ip":"::1","method":"GET","url":"/get-all-machine","status":"200","res":"1349","response":"52.178"}
{"ip":"::1","method":"GET","url":"/get-all-machine","status":"200","res":"1349","response":"59.299"}
{"ip":"::1","method":"GET","url":"/get-all-machine","status":"200","res":"1349","response":"46.685"}
{"ip":"::1","method":"GET","url":"/get-all-machine","status":"200","res":"1349","response":"45.113"}
{"ip":"::1","method":"GET","url":"/get-all-machine","status":"200","res":"1349","response":"52.095"}
{"ip":"::1","method":"GET","url":"/get-all-machine","status":"200","res":"1349","response":"49.511"}
{"ip":"::1","method":"GET","url":"/get-all-machine","status":"304","response":"44.531"}
{"ip":"::1","method":"GET","url":"/get-all-machine","status":"200","res":"1349","response":"48.056"}
{"ip":"::1","method":"GET","url":"/get-all-machine","status":"304","response":"49.179"}
{"ip":"::1","method":"GET","url":"/get-all-machine","status":"200","res":"1349","response":"49.760"}
{"ip":"::1","method":"GET","url":"/get-all-machine","status":"200","res":"1349","response":"62.942"}
{"ip":"::1","method":"GET","url":"/get-all-machine","status":"200","res":"1349","response":"46.261"}
{"ip":"::1","method":"GET","url":"/get-all-machine","status":"304","response":"43.029"}
{"ip":"::1","method":"GET","url":"/get-all-machine","status":"200","res":"1349","response":"51.738"}
{"ip":"::1","method":"GET","url":"/get-all-machine","status":"304","response":"43.708"}
{"ip":"::1","method":"GET","url":"/get-all-machine","status":"200","res":"1349","response":"59.059"}
{"ip":"::1","method":"GET","url":"/get-all-machine","status":"200","res":"1349","response":"45.935"}
{"ip":"::1","method":"GET","url":"/get-all-machine","status":"200","res":"1349","response":"43.706"}
{"ip":"::1","method":"GET","url":"/get-all-machine","status":"200","res":"1349","response":"46.827"}
{"ip":"::1","method":"GET","url":"/get-all-machine","status":"200","res":"1349","response":"63.614"}
{"ip":"::1","method":"GET","url":"/get-all-machine","status":"200","res":"1349","response":"55.013"}
{"ip":"::1","method":"GET","url":"/get-all-machine","status":"304","response":"46.720"}
{"ip":"::1","method":"GET","url":"/get-all-machine","status":"200","res":"1349","response":"45.221"}
{"ip":"::1","method":"GET","url":"/get-all-machine","status":"304","response":"42.126"}
{"ip":"::1","method":"GET","url":"/get-all-machine","status":"200","res":"1349","response":"56.431"}
{"ip":"::1","method":"GET","url":"/get-all-machine","status":"304","response":"55.726"}
{"ip":"::1","method":"GET","url":"/get-all-machine","status":"200","res":"1349","response":"56.122"}
{"ip":"::1","method":"GET","url":"/get-all-machine","status":"304","response":"52.782"}
{"ip":"::1","method":"GET","url":"/get-all-machine","status":"200","res":"1349","response":"50.528"}
{"ip":"::1","method":"GET","url":"/get-all-machine","status":"200","res":"1349","response":"49.391"}
{"ip":"::1","method":"GET","url":"/get-all-machine","status":"200","res":"1349","response":"49.155"}
{"ip":"::1","method":"GET","url":"/get-all-machine","status":"200","res":"1349","response":"47.952"}
{"ip":"::1","method":"GET","url":"/get-all-machine","status":"200","res":"1349","response":"49.677"}
{"ip":"::1","method":"GET","url":"/get-all-machine","status":"200","res":"1349","response":"54.785"}
{"ip":"::1","method":"GET","url":"/get-all-machine","status":"200","res":"1349","response":"68.805"}
{"ip":"::1","method":"GET","url":"/get-all-machine","status":"200","res":"1349","response":"49.993"}
{"ip":"::1","method":"GET","url":"/get-all-machine","status":"304","response":"43.640"}
{"ip":"::1","method":"GET","url":"/get-all-machine","status":"200","res":"1349","response":"53.594"}
{"ip":"::1","method":"GET","url":"/get-all-machine","status":"200","res":"1349","response":"57.614"}
{"ip":"::1","method":"GET","url":"/get-all-machine","status":"200","res":"1349","response":"52.666"}
{"ip":"::1","method":"GET","url":"/get-all-machine","status":"200","res":"1349","response":"49.338"}
{"ip":"::1","method":"GET","url":"/get-all-machine","status":"200","res":"1349","response":"46.557"}
{"ip":"::1","method":"GET","url":"/get-all-machine","status":"200","res":"1349","response":"47.104"}
{"ip":"::1","method":"GET","url":"/get-all-machine","status":"200","res":"1349","response":"51.972"}
{"ip":"::1","method":"GET","url":"/get-all-machine","status":"304","response":"54.235"}
{"ip":"::1","method":"GET","url":"/get-all-machine","status":"200","res":"1349","response":"49.953"}
{"ip":"::1","method":"GET","url":"/get-all-machine","status":"200","res":"1349","response":"47.515"}
{"ip":"::1","method":"GET","url":"/get-all-machine","status":"200","res":"1349","response":"46.490"}
{"ip":"::1","method":"GET","url":"/get-all-machine","status":"200","res":"1349","response":"47.598"}
{"ip":"::1","method":"GET","url":"/get-all-machine","status":"200","res":"1349","response":"52.485"}
{"ip":"::1","method":"GET","url":"/get-all-machine","status":"200","res":"1349","response":"49.583"}
{"ip":"::1","method":"GET","url":"/get-all-machine","status":"200","res":"1349","response":"48.303"}
{"ip":"::1","method":"GET","url":"/get-all-machine","status":"200","res":"1349","response":"45.831"}
{"ip":"::1","method":"GET","url":"/get-all-machine","status":"200","res":"1349","response":"42.877"}
{"ip":"::1","method":"GET","url":"/get-all-machine","status":"200","res":"1349","response":"42.196"}
{"ip":"::1","method":"GET","url":"/get-all-machine","status":"200","res":"1349","response":"45.548"}
{"ip":"::1","method":"GET","url":"/get-all-machine","status":"200","res":"1349","response":"55.959"}
{"ip":"::1","method":"GET","url":"/get-all-machine","status":"200","res":"1349","response":"51.744"}
{"ip":"::1","method":"GET","url":"/get-all-machine","status":"200","res":"1349","response":"44.376"}
{"ip":"::1","method":"GET","url":"/get-all-machine","status":"200","res":"1349","response":"53.865"}
{"ip":"::1","method":"GET","url":"/get-all-machine","status":"200","res":"1349","response":"45.941"}
{"ip":"::1","method":"GET","url":"/get-all-machine","status":"200","res":"1349","response":"46.372"}
{"ip":"::1","method":"GET","url":"/get-all-machine","status":"200","res":"1349","response":"44.251"}
{"ip":"::1","method":"GET","url":"/get-all-machine","status":"200","res":"1349","response":"48.248"}
{"ip":"::1","method":"GET","url":"/get-all-machine","status":"200","res":"1349","response":"46.911"}
{"ip":"::1","method":"GET","url":"/get-all-machine","status":"200","res":"1349","response":"47.448"}
{"ip":"::1","method":"GET","url":"/get-all-machine","status":"200","res":"1349","response":"46.909"}
{"ip":"::1","method":"GET","url":"/get-all-machine","status":"200","res":"1349","response":"43.491"}
{"ip":"::1","method":"GET","url":"/get-all-machine","status":"200","res":"1349","response":"43.651"}
{"ip":"::1","method":"GET","url":"/get-all-machine","status":"200","res":"1349","response":"48.518"}
{"ip":"::1","method":"GET","url":"/get-all-machine","status":"200","res":"1349","response":"46.264"}
{"ip":"::1","method":"GET","url":"/get-all-machine","status":"200","res":"1349","response":"56.379"}
{"ip":"::1","method":"GET","url":"/get-all-machine","status":"200","res":"1349","response":"67.489"}
{"ip":"::1","method":"GET","url":"/get-all-machine","status":"200","res":"1349","response":"51.073"}
{"ip":"::1","method":"GET","url":"/get-all-machine","status":"200","res":"1349","response":"52.971"}
{"ip":"::1","method":"GET","url":"/get-all-machine","status":"200","res":"1349","response":"51.496"}
{"ip":"::1","method":"GET","url":"/get-all-machine","status":"200","res":"1349","response":"46.052"}
{"ip":"::1","method":"GET","url":"/get-all-machine","status":"200","res":"1349","response":"33.778"}
{"ip":"::1","method":"GET","url":"/get-all-machine","status":"200","res":"1349","response":"49.729"}
{"ip":"::1","method":"GET","url":"/get-all-machine","status":"200","res":"1349","response":"50.746"}
{"ip":"::1","method":"GET","url":"/get-all-machine","status":"304","response":"46.933"}
{"ip":"::1","method":"GET","url":"/get-all-machine","status":"200","res":"1349","response":"48.725"}
{"ip":"::1","method":"GET","url":"/get-all-machine","status":"304","response":"51.102"}
{"ip":"::1","method":"GET","url":"/get-all-machine","status":"200","res":"1349","response":"53.586"}
{"ip":"::1","method":"GET","url":"/get-all-machine","status":"200","res":"1349","response":"51.195"}
{"ip":"::1","method":"GET","url":"/get-all-machine","status":"200","res":"1349","response":"47.820"}
{"ip":"::1","method":"GET","url":"/get-all-machine","status":"200","res":"1349","response":"49.352"}
{"ip":"::1","method":"GET","url":"/get-all-machine","status":"200","res":"1349","response":"54.386"}
{"ip":"::1","method":"GET","url":"/get-all-machine","status":"200","res":"1349","response":"35.677"}
{"ip":"::1","method":"GET","url":"/get-all-machine","status":"304","response":"36.138"}
{"ip":"::1","method":"GET","url":"/get-all-machine","status":"200","res":"1349","response":"50.518"}
{"ip":"::1","method":"GET","url":"/get-all-machine","status":"200","res":"1349","response":"45.023"}
{"ip":"::1","method":"GET","url":"/get-all-machine","status":"200","res":"1349","response":"56.734"}
{"ip":"::1","method":"GET","url":"/get-all-machine","status":"200","res":"1349","response":"97.351"}
{"ip":"::1","method":"GET","url":"/get-all-machine","status":"200","res":"1349","response":"50.185"}
{"ip":"::1","method":"GET","url":"/get-all-machine","status":"200","res":"1349","response":"44.765"}
{"ip":"::1","method":"GET","url":"/get-all-machine","status":"200","res":"1349","response":"46.298"}
{"ip":"::1","method":"GET","url":"/get-all-machine","status":"200","res":"1349","response":"52.051"}
{"ip":"::1","method":"GET","url":"/get-all-machine","status":"200","res":"1349","response":"46.577"}
{"ip":"::1","method":"GET","url":"/get-all-machine","status":"200","res":"1349","response":"77.827"}
{"ip":"::1","method":"GET","url":"/get-all-machine","status":"200","res":"1349","response":"54.959"}
{"ip":"::1","method":"GET","url":"/get-all-machine","status":"200","res":"1349","response":"51.214"}
{"ip":"::1","method":"GET","url":"/get-all-machine","status":"200","res":"1349","response":"57.320"}
{"ip":"::1","method":"GET","url":"/get-all-machine","status":"304","response":"43.244"}
{"ip":"::1","method":"GET","url":"/get-all-machine","status":"200","res":"1349","response":"48.927"}
{"ip":"::1","method":"GET","url":"/get-all-machine","status":"200","res":"1349","response":"45.428"}
{"ip":"::1","method":"GET","url":"/get-all-machine","status":"200","res":"1349","response":"45.257"}
{"ip":"::1","method":"GET","url":"/get-all-machine","status":"200","res":"1349","response":"47.951"}
{"ip":"::1","method":"GET","url":"/get-all-machine","status":"200","res":"1349","response":"46.655"}
{"ip":"::1","method":"GET","url":"/get-all-machine","status":"200","res":"1349","response":"43.758"}
{"ip":"::1","method":"GET","url":"/get-all-machine","status":"200","res":"1349","response":"46.290"}
{"ip":"::1","method":"GET","url":"/get-all-machine","status":"200","res":"1349","response":"44.207"}
{"ip":"::1","method":"GET","url":"/get-all-machine","status":"200","res":"1349","response":"58.527"}
{"ip":"::1","method":"GET","url":"/get-all-machine","status":"200","res":"1349","response":"46.020"}
{"ip":"::1","method":"GET","url":"/get-all-machine","status":"200","res":"1349","response":"47.441"}
{"ip":"::1","method":"GET","url":"/get-all-machine","status":"200","res":"1349","response":"44.804"}
{"ip":"::1","method":"GET","url":"/get-all-machine","status":"200","res":"1349","response":"47.762"}
{"ip":"::1","method":"GET","url":"/get-all-machine","status":"200","res":"1349","response":"53.864"}
{"ip":"::1","method":"GET","url":"/get-all-machine","status":"200","res":"1349","response":"48.281"}
{"ip":"::1","method":"GET","url":"/get-all-machine","status":"200","res":"1349","response":"44.826"}
{"ip":"::1","method":"GET","url":"/get-all-machine","status":"200","res":"1349","response":"49.225"}
{"ip":"::1","method":"GET","url":"/get-all-machine","status":"304","response":"41.838"}
{"ip":"::1","method":"POST","url":"/delete-machine?machine_id=1","status":"404","res":154,"response":"2.961"}
{"ip":"::1","method":"GET","url":"/get-all-machine","status":"200","res":"1349","response":"47.677"}
{"ip":"::1","method":"GET","url":"/get-all-machine","status":"200","res":"1349","response":"56.258"}
{"ip":"::1","method":"GET","url":"/get-all-machine","status":"200","res":"1349","response":"98.473"}
{"ip":"::1","method":"POST","url":"/delete-machine?machine_id=1","status":"404","res":154,"response":"0.573"}
{"ip":"::1","method":"GET","url":"/get-all-machine","status":"200","res":"1349","response":"47.115"}
{"ip":"::1","method":"POST","url":"/delete-machine?machine_id=1","status":"404","res":154,"response":"0.405"}
{"ip":"::1","method":"GET","url":"/get-all-machine","status":"200","res":"1349","response":"47.878"}
{"ip":"::1","method":"GET","url":"/get-all-machine","status":"200","res":"1349","response":"61.473"}
{"ip":"::1","method":"GET","url":"/get-all-machine","status":"200","res":"1349","response":"53.143"}
{"ip":"::1","method":"GET","url":"/get-all-machine","status":"200","res":"1349","response":"49.082"}
{"ip":"::1","method":"GET","url":"/get-all-machine","status":"200","res":"1349","response":"50.147"}
{"ip":"::1","method":"GET","url":"/get-all-machine","status":"200","res":"1349","response":"45.649"}
{"ip":"::1","method":"GET","url":"/get-all-machine","status":"200","res":"1349","response":"50.864"}
{"ip":"::1","method":"GET","url":"/get-all-machine","status":"200","res":"1349","response":"45.128"}
{"ip":"::1","method":"GET","url":"/get-all-machine","status":"200","res":"1349","response":"52.740"}
{"ip":"::1","method":"GET","url":"/get-all-machine","status":"200","res":"1349","response":"49.080"}
{"ip":"::1","method":"POST","url":"/delete-machine?machine_id=1","status":"404","res":154,"response":"0.526"}
{"ip":"::1","method":"GET","url":"/get-all-machine","status":"200","res":"1349","response":"45.664"}
{"ip":"::1","method":"GET","url":"/get-all-machine","status":"200","res":"1349","response":"47.778"}
{"ip":"::1","method":"GET","url":"/get-all-machine","status":"200","res":"1349","response":"43.824"}
{"ip":"::1","method":"GET","url":"/get-all-machine","status":"200","res":"1349","response":"47.449"}
{"ip":"::1","method":"GET","url":"/get-all-machine","status":"200","res":"1349","response":"48.367"}
{"ip":"::1","method":"GET","url":"/get-all-machine","status":"200","res":"1349","response":"55.530"}
{"ip":"::1","method":"GET","url":"/get-all-machine","status":"200","res":"1349","response":"48.571"}
{"ip":"::1","method":"GET","url":"/get-all-machine","status":"200","res":"1349","response":"37.653"}
{"ip":"::1","method":"GET","url":"/get-all-machine","status":"200","res":"1349","response":"36.274"}
{"ip":"::1","method":"POST","url":"/delete-machine","status":"404","res":154,"response":"0.384"}
{"ip":"::1","method":"GET","url":"/get-all-machine","status":"200","res":"1349","response":"46.241"}
{"ip":"::1","method":"GET","url":"/get-all-machine","status":"200","res":"1349","response":"60.525"}
{"ip":"::1","method":"GET","url":"/get-all-machine","status":"200","res":"1349","response":"52.260"}
{"ip":"::1","method":"GET","url":"/get-all-machine","status":"200","res":"1349","response":"50.813"}
{"ip":"::1","method":"POST","url":"/delete-machine","status":"404","res":154,"response":"0.289"}
{"ip":"::1","method":"GET","url":"/get-all-machine","status":"200","res":"1349","response":"48.492"}
{"ip":"::1","method":"GET","url":"/delete-machine","status":"404","res":153,"response":"0.624"}
{"ip":"::1","method":"GET","url":"/get-all-machine","status":"200","res":"1349","response":"54.675"}
{"ip":"::1","method":"GET","url":"/get-all-machine","status":"200","res":"1349","response":"44.930"}
{"ip":"::1","method":"GET","url":"/get-all-machine","status":"200","res":"1349","response":"43.320"}
{"ip":"::1","method":"GET","url":"/delete-machine","status":"404","res":153,"response":"0.499"}
{"ip":"::1","method":"GET","url":"/get-all-machine","status":"200","res":"1349","response":"49.619"}
{"ip":"::1","method":"GET","url":"/get-all-machine","status":"200","res":"1349","response":"89.917"}
{"ip":"::1","method":"GET","url":"/get-all-machine","status":"200","res":"1349","response":"60.038"}
{"ip":"::1","method":"GET","url":"/get-all-machine","status":"200","res":"1349","response":"43.943"}
{"ip":"::1","method":"GET","url":"/get-all-machine","status":"200","res":"1349","response":"43.415"}
{"ip":"::1","method":"GET","url":"/get-all-machine","status":"200","res":"1349","response":"45.173"}
{"ip":"::1","method":"GET","url":"/get-all-machine","status":"200","res":"1349","response":"46.557"}
{"ip":"::1","method":"GET","url":"/get-all-machine","status":"200","res":"1349","response":"46.541"}
{"ip":"::1","method":"GET","url":"/get-all-machine","status":"200","res":"1349","response":"43.901"}
{"ip":"::1","method":"GET","url":"/get-all-machine","status":"200","res":"1349","response":"51.934"}
{"ip":"::1","method":"GET","url":"/get-all-machine","status":"200","res":"1349","response":"43.677"}
{"ip":"::1","method":"GET","url":"/get-all-machine","status":"200","res":"1349","response":"34.768"}
{"ip":"::1","method":"GET","url":"/get-all-machine","status":"200","res":"1349","response":"37.557"}
{"ip":"::1","method":"GET","url":"/get-all-machine","status":"200","res":"1349","response":"36.028"}
{"ip":"::1","method":"POST","url":"/delete-machine","status":"404","res":154,"response":"0.479"}
{"ip":"::1","method":"GET","url":"/get-all-machine","status":"200","res":"1349","response":"46.604"}
{"ip":"::1","method":"GET","url":"/get-all-machine","status":"200","res":"1349","response":"43.688"}
{"ip":"::1","method":"GET","url":"/get-all-machine","status":"200","res":"1349","response":"37.758"}
{"ip":"::1","method":"POST","url":"/delete-machine","status":"404","res":154,"response":"0.383"}
{"ip":"::1","method":"GET","url":"/get-all-machine","status":"200","res":"1349","response":"47.261"}
{"ip":"::1","method":"POST","url":"/delete-machine","status":"200","res":"3","response":"8.026"}
{"ip":"::1","method":"GET","url":"/get-all-machine","status":"200","res":"1349","response":"154.007"}
{"ip":"::1","method":"POST","url":"/delete-machine","status":"200","res":"3","response":"7.785"}
{"ip":"::1","method":"GET","url":"/get-all-machine","status":"200","res":"1349","response":"87.615"}
{"ip":"::1","method":"POST","url":"/delete-machine","status":"500","res":"33","response":"5.094"}
{"ip":"::1","method":"GET","url":"/get-all-machine","status":"200","res":"1349","response":"88.117"}
{"ip":"::1","method":"POST","url":"/delete-machine","status":"500","res":"33","response":"5.138"}
{"ip":"::1","method":"GET","url":"/get-all-machine","status":"200","res":"1349","response":"94.520"}
{"ip":"::1","method":"POST","url":"/delete-machine","status":"500","res":"33","response":"18.663"}
{"ip":"::1","method":"GET","url":"/get-all-machine","status":"200","res":"1349","response":"84.733"}
{"ip":"::1","method":"POST","url":"/delete-machine","status":"500","res":"33","response":"18.569"}
{"ip":"::1","method":"GET","url":"/get-all-machine","status":"200","res":"1349","response":"83.673"}
{"ip":"::1","method":"POST","url":"/delete-machine","status":"500","res":"33","response":"18.890"}
{"ip":"::1","method":"GET","url":"/get-all-machine","status":"200","res":"1349","response":"87.567"}
{"ip":"::1","method":"POST","url":"/delete-machine","status":"500","res":"33","response":"19.855"}
{"ip":"::1","method":"GET","url":"/get-all-machine","status":"200","res":"1349","response":"86.892"}
{"ip":"::1","method":"POST","url":"/delete-machine","status":"500","res":"33","response":"5.717"}
{"ip":"::1","method":"GET","url":"/get-all-machine","status":"200","res":"1349","response":"90.483"}
{"ip":"::1","method":"POST","url":"/delete-machine","status":"500","res":"33","response":"4.467"}
{"ip":"::1","method":"GET","url":"/get-all-machine","status":"200","res":"1349","response":"90.509"}
{"ip":"::1","method":"POST","url":"/delete-machine","status":"500","res":"33","response":"193.460"}
{"ip":"::1","method":"GET","url":"/get-all-machine","status":"200","res":"1349","response":"104.379"}
{"ip":"::1","method":"POST","url":"/delete-machine","status":"500","res":"33","response":"6.287"}
{"ip":"::1","method":"GET","url":"/get-all-machine","status":"200","res":"1349","response":"93.363"}
{"ip":"::1","method":"GET","url":"/get-all-machine","status":"200","res":"1349","response":"104.801"}
{"ip":"::1","method":"GET","url":"/get-all-machine","status":"200","res":"1349","response":"7.496"}
{"ip":"::1","method":"GET","url":"/get-all-machine","status":"200","res":"1349","response":"4.787"}
{"ip":"::1","method":"GET","url":"/get-all-machine","status":"200","res":"1349","response":"9.015"}
{"ip":"::1","method":"GET","url":"/get-all-machine","status":"200","res":"1349","response":"10.456"}
{"ip":"::1","method":"GET","url":"/get-all-machine","status":"200","res":"1349","response":"3.905"}
{"ip":"::1","method":"GET","url":"/get-all-machine","status":"200","res":"1349","response":"6.110"}
{"ip":"::1","method":"GET","url":"/get-all-machine","status":"200","res":"1349","response":"6.322"}
{"ip":"::1","method":"GET","url":"/get-all-machine","status":"200","res":"1349","response":"4.740"}
{"ip":"::1","method":"GET","url":"/get-all-machine","status":"200","res":"1349","response":"5.510"}
{"ip":"::1","method":"GET","url":"/get-all-machine","status":"200","res":"1349","response":"4.275"}
{"ip":"::1","method":"POST","url":"/delete-machine","status":"200","response":"18.714"}
{"ip":"::1","method":"GET","url":"/get-all-machine","status":"200","res":"1123","response":"4.113"}
{"ip":"::1","method":"GET","url":"/get-all-machine","status":"200","res":"1123","response":"9.319"}
{"ip":"::1","method":"GET","url":"/get-all-machine","status":"304","response":"3.375"}
{"ip":"::1","method":"GET","url":"/get-all-machine"}
{"ip":"::1","method":"GET","url":"/get-all-machine","status":"500","res":"33","response":"2.583"}
{"ip":"::1","method":"GET","url":"/get-all-machine","status":"500","res":"33","response":"2.645"}
{"ip":"::1","method":"GET","url":"/get-all-machine","status":"500","res":"33","response":"177.715"}
{"ip":"::1","method":"GET","url":"/get-all-machine","status":"500","res":"33","response":"1.209"}
{"ip":"::1","method":"GET","url":"/get-all-machine","status":"500","res":"33","response":"7.176"}
{"ip":"::1","method":"GET","url":"/get-all-machine","status":"500","res":"33","response":"1.778"}
{"ip":"::1","method":"GET","url":"/get-all-machine","status":"500","res":"33","response":"5.504"}
{"ip":"::1","method":"GET","url":"/favicon.ico","status":"404","res":150,"response":"2.462"}
{"ip":"::1","method":"GET","url":"/","status":"404","res":139,"response":"0.719"}
{"ip":"::1","method":"GET","url":"/","status":"404","res":139,"response":"2.025"}
{"ip":"::1","method":"GET","url":"/get-all-machine","status":"500","res":"33","response":"127.282"}
{"ip":"::1","method":"GET","url":"/get-all-machine","status":"200","res":"1363","response":"39.491"}
{"ip":"::1","method":"GET","url":"/get-all-machine","status":"304","response":"2.481"}
{"ip":"::1","method":"GET","url":"/get-all-machine","status":"200","res":"1363","response":"2.040"}
{"ip":"::1","method":"GET","url":"/get-all-machine","status":"304","response":"2.290"}
{"ip":"::1","method":"GET","url":"/get-all-machine","status":"200","res":"1363","response":"148.779"}
